DroidPlugin/build/outputs/logs/manifest-merger-debug-report.txt
-- Merging decision tree log ---
provider#com.morgoo.droidplugin.stub.ContentProviderStub$StubP00
INJECTED from DroidPluginTest\DroidPlugin\AndroidManifest.xml:661:9-665:57
	android:authorities
		INJECTED from DroidPluginTest\DroidPlugin\AndroidManifest.xml
		ADDED from DroidPluginTest\DroidPlugin\AndroidManifest.xml:663:13-55
	android:label
		ADDED from DroidPluginTest\DroidPlugin\AndroidManifest.xml:665:13-54
	android:exported
		ADDED from DroidPluginTest\DroidPlugin\AndroidManifest.xml:664:13-37
	android:name
		ADDED from DroidPluginTest\DroidPlugin\AndroidManifest.xml:662:13-61
provider#com.morgoo.droidplugin.stub.ContentProviderStub$StubP01
INJECTED from DroidPluginTest\DroidPlugin\AndroidManifest.xml:1151:9-1156:44
	android:process
		ADDED from DroidPluginTest\DroidPlugin\AndroidManifest.xml:1156:13-41
	android:authorities
		INJECTED from DroidPluginTest\DroidPlugin\AndroidManifest.xml
		ADDED from DroidPluginTest\DroidPlugin\AndroidManifest.xml:1153:13-55
	android:label
		ADDED from DroidPluginTest\DroidPlugin\AndroidManifest.xml:1155:13-54
	android:exported
		ADDED from DroidPluginTest\DroidPlugin\AndroidManifest.xml:1154:13-37
	android:name
		ADDED from DroidPluginTest\DroidPlugin\AndroidManifest.xml:1152:13-61
provider#com.morgoo.droidplugin.stub.ContentProviderStub$StubP02
INJECTED from DroidPluginTest\DroidPlugin\AndroidManifest.xml:1639:9-1644:44
	android:process
		ADDED from DroidPluginTest\DroidPlugin\AndroidManifest.xml:1644:13-41
	android:authorities
		INJECTED from DroidPluginTest\DroidPlugin\AndroidManifest.xml
		ADDED from DroidPluginTest\DroidPlugin\AndroidManifest.xml:1641:13-55
	android:label
		ADDED from DroidPluginTest\DroidPlugin\AndroidManifest.xml:1643:13-54
	android:exported
		ADDED from DroidPluginTest\DroidPlugin\AndroidManifest.xml:1642:13-37
	android:name
		ADDED from DroidPluginTest\DroidPlugin\AndroidManifest.xml:1640:13-61
provider#com.morgoo.droidplugin.stub.ContentProviderStub$StubP03
INJECTED from DroidPluginTest\DroidPlugin\AndroidManifest.xml:2129:9-2134:44
	android:process
		ADDED from DroidPluginTest\DroidPlugin\AndroidManifest.xml:2134:13-41
	android:authorities
		INJECTED from DroidPluginTest\DroidPlugin\AndroidManifest.xml
		ADDED from DroidPluginTest\DroidPlugin\AndroidManifest.xml:2131:13-55
	android:label
		ADDED from DroidPluginTest\DroidPlugin\AndroidManifest.xml:2133:13-54
	android:exported
		ADDED from DroidPluginTest\DroidPlugin\AndroidManifest.xml:2132:13-37
	android:name
		ADDED from DroidPluginTest\DroidPlugin\AndroidManifest.xml:2130:13-61
provider#com.morgoo.droidplugin.stub.ContentProviderStub$StubP04
INJECTED from DroidPluginTest\DroidPlugin\AndroidManifest.xml:2618:9-2623:44
	android:process
		ADDED from DroidPluginTest\DroidPlugin\AndroidManifest.xml:2623:13-41
	android:authorities
		INJECTED from DroidPluginTest\DroidPlugin\AndroidManifest.xml
		ADDED from DroidPluginTest\DroidPlugin\AndroidManifest.xml:2620:13-55
	android:label
		ADDED from DroidPluginTest\DroidPlugin\AndroidManifest.xml:2622:13-54
	android:exported
		ADDED from DroidPluginTest\DroidPlugin\AndroidManifest.xml:2621:13-37
	android:name
		ADDED from DroidPluginTest\DroidPlugin\AndroidManifest.xml:2619:13-61
provider#com.morgoo.droidplugin.stub.ContentProviderStub$StubP05
INJECTED from DroidPluginTest\DroidPlugin\AndroidManifest.xml:3106:9-3111:44
	android:process
		ADDED from DroidPluginTest\DroidPlugin\AndroidManifest.xml:3111:13-41
	android:authorities
		INJECTED from DroidPluginTest\DroidPlugin\AndroidManifest.xml
		ADDED from DroidPluginTest\DroidPlugin\AndroidManifest.xml:3108:13-55
	android:label
		ADDED from DroidPluginTest\DroidPlugin\AndroidManifest.xml:3110:13-54
	android:exported
		ADDED from DroidPluginTest\DroidPlugin\AndroidManifest.xml:3109:13-37
	android:name
		ADDED from DroidPluginTest\DroidPlugin\AndroidManifest.xml:3107:13-61
provider#com.morgoo.droidplugin.stub.ContentProviderStub$StubP06
INJECTED from DroidPluginTest\DroidPlugin\AndroidManifest.xml:3596:9-3601:44
	android:process
		ADDED from DroidPluginTest\DroidPlugin\AndroidManifest.xml:3601:13-41
	android:authorities
		INJECTED from DroidPluginTest\DroidPlugin\AndroidManifest.xml
		ADDED from DroidPluginTest\DroidPlugin\AndroidManifest.xml:3598:13-55
	android:label
		ADDED from DroidPluginTest\DroidPlugin\AndroidManifest.xml:3600:13-54
	android:exported
		ADDED from DroidPluginTest\DroidPlugin\AndroidManifest.xml:3599:13-37
	android:name
		ADDED from DroidPluginTest\DroidPlugin\AndroidManifest.xml:3597:13-61
provider#com.morgoo.droidplugin.stub.ContentProviderStub$StubP07
INJECTED from DroidPluginTest\DroidPlugin\AndroidManifest.xml:4088:9-4093:44
	android:process
		ADDED from DroidPluginTest\DroidPlugin\AndroidManifest.xml:4093:13-41
	android:authorities
		INJECTED from DroidPluginTest\DroidPlugin\AndroidManifest.xml
		ADDED from DroidPluginTest\DroidPlugin\AndroidManifest.xml:4090:13-55
	android:label
		ADDED from DroidPluginTest\DroidPlugin\AndroidManifest.xml:4092:13-54
	android:exported
		ADDED from DroidPluginTest\DroidPlugin\AndroidManifest.xml:4091:13-37
	android:name
		ADDED from DroidPluginTest\DroidPlugin\AndroidManifest.xml:4089:13-61
provider#com.morgoo.droidplugin.stub.ContentProviderStub$StubP08
INJECTED from DroidPluginTest\DroidPlugin\AndroidManifest.xml:4577:9-4582:44
	android:process
		ADDED from DroidPluginTest\DroidPlugin\AndroidManifest.xml:4582:13-41
	android:authorities
		INJECTED from DroidPluginTest\DroidPlugin\AndroidManifest.xml
		ADDED from DroidPluginTest\DroidPlugin\AndroidManifest.xml:4579:13-55
	android:label
		ADDED from DroidPluginTest\DroidPlugin\AndroidManifest.xml:4581:13-54
	android:exported
		ADDED from DroidPluginTest\DroidPlugin\AndroidManifest.xml:4580:13-37
	android:name
		ADDED from DroidPluginTest\DroidPlugin\AndroidManifest.xml:4578:13-61
manifest
ADDED from DroidPluginTest\DroidPlugin\AndroidManifest.xml:27:1-4586:12
INJECTED from DroidPluginTest\DroidPlugin\AndroidManifest.xml:27:1-4586:12
INJECTED from DroidPluginTest\DroidPlugin\AndroidManifest.xml:27:1-4586:12
INJECTED from DroidPluginTest\DroidPlugin\AndroidManifest.xml:27:1-4586:12
INJECTED from DroidPluginTest\DroidPlugin\AndroidManifest.xml:27:1-4586:12
INJECTED from DroidPluginTest\DroidPlugin\AndroidManifest.xml:27:1-4586:12
INJECTED from DroidPluginTest\DroidPlugin\AndroidManifest.xml:27:1-4586:12
	package
		ADDED from DroidPluginTest\DroidPlugin\AndroidManifest.xml:28:5-37
		INJECTED from DroidPluginTest\DroidPlugin\AndroidManifest.xml
		INJECTED from DroidPluginTest\DroidPlugin\AndroidManifest.xml
	android:versionName
		ADDED from DroidPluginTest\DroidPlugin\AndroidManifest.xml:30:5-30
		INJECTED from DroidPluginTest\DroidPlugin\AndroidManifest.xml
		INJECTED from DroidPluginTest\DroidPlugin\AndroidManifest.xml
	xmlns:android
		ADDED from DroidPluginTest\DroidPlugin\AndroidManifest.xml:27:11-69
	android:versionCode
		ADDED from DroidPluginTest\DroidPlugin\AndroidManifest.xml:29:5-28
		INJECTED from DroidPluginTest\DroidPlugin\AndroidManifest.xml
		INJECTED from DroidPluginTest\DroidPlugin\AndroidManifest.xml
uses-permission#android.permission.ACCESS_COARSE_LOCATION
ADDED from DroidPluginTest\DroidPlugin\AndroidManifest.xml:33:5-81
	android:name
		ADDED from DroidPluginTest\DroidPlugin\AndroidManifest.xml:33:22-78
uses-permission#android.permission.ACCESS_FINE_LOCATION
ADDED from DroidPluginTest\DroidPlugin\AndroidManifest.xml:34:5-79
	android:name
		ADDED from DroidPluginTest\DroidPlugin\AndroidManifest.xml:34:22-76
uses-permission#android.permission.ACCESS_LOCATION_EXTRA_COMMANDS
ADDED from DroidPluginTest\DroidPlugin\AndroidManifest.xml:35:5-89
	android:name
		ADDED from DroidPluginTest\DroidPlugin\AndroidManifest.xml:35:22-86
uses-permission#android.permission.ACCESS_NETWORK_STATE
ADDED from DroidPluginTest\DroidPlugin\AndroidManifest.xml:36:5-79
	android:name
		ADDED from DroidPluginTest\DroidPlugin\AndroidManifest.xml:36:22-76
uses-permission#android.permission.ACCESS_WIFI_STATE
ADDED from DroidPluginTest\DroidPlugin\AndroidManifest.xml:37:5-76
	android:name
		ADDED from DroidPluginTest\DroidPlugin\AndroidManifest.xml:37:22-73
uses-permission#android.permission.ACCESS_WIMAX_STATE
ADDED from DroidPluginTest\DroidPlugin\AndroidManifest.xml:38:5-77
	android:name
		ADDED from DroidPluginTest\DroidPlugin\AndroidManifest.xml:38:22-74
uses-permission#android.permission.AUTHENTICATE_ACCOUNTS
ADDED from DroidPluginTest\DroidPlugin\AndroidManifest.xml:39:5-80
	android:name
		ADDED from DroidPluginTest\DroidPlugin\AndroidManifest.xml:39:22-77
uses-permission#android.permission.BLUETOOTH
ADDED from DroidPluginTest\DroidPlugin\AndroidManifest.xml:40:5-68
	android:name
		ADDED from DroidPluginTest\DroidPlugin\AndroidManifest.xml:40:22-65
uses-permission#android.permission.BLUETOOTH_ADMIN
ADDED from DroidPluginTest\DroidPlugin\AndroidManifest.xml:41:5-74
	android:name
		ADDED from DroidPluginTest\DroidPlugin\AndroidManifest.xml:41:22-71
uses-permission#android.permission.BODY_SENSORS
ADDED from DroidPluginTest\DroidPlugin\AndroidManifest.xml:42:5-71
	android:name
		ADDED from DroidPluginTest\DroidPlugin\AndroidManifest.xml:42:22-68
uses-permission#android.permission.BROADCAST_STICKY
ADDED from DroidPluginTest\DroidPlugin\AndroidManifest.xml:43:5-75
	android:name
		ADDED from DroidPluginTest\DroidPlugin\AndroidManifest.xml:43:22-72
uses-permission#android.permission.CALL_PHONE
ADDED from DroidPluginTest\DroidPlugin\AndroidManifest.xml:44:5-69
	android:name
		ADDED from DroidPluginTest\DroidPlugin\AndroidManifest.xml:44:22-66
uses-permission#android.permission.CAMERA
ADDED from DroidPluginTest\DroidPlugin\AndroidManifest.xml:45:5-65
	android:name
		ADDED from DroidPluginTest\DroidPlugin\AndroidManifest.xml:45:22-62
uses-permission#android.permission.CHANGE_NETWORK_STATE
ADDED from DroidPluginTest\DroidPlugin\AndroidManifest.xml:46:5-79
	android:name
		ADDED from DroidPluginTest\DroidPlugin\AndroidManifest.xml:46:22-76
uses-permission#android.permission.CHANGE_WIFI_MULTICAST_STATE
ADDED from DroidPluginTest\DroidPlugin\AndroidManifest.xml:47:5-86
	android:name
		ADDED from DroidPluginTest\DroidPlugin\AndroidManifest.xml:47:22-83
uses-permission#android.permission.CHANGE_WIFI_STATE
ADDED from DroidPluginTest\DroidPlugin\AndroidManifest.xml:48:5-76
	android:name
		ADDED from DroidPluginTest\DroidPlugin\AndroidManifest.xml:48:22-73
uses-permission#android.permission.CHANGE_WIMAX_STATE
ADDED from DroidPluginTest\DroidPlugin\AndroidManifest.xml:49:5-77
	android:name
		ADDED from DroidPluginTest\DroidPlugin\AndroidManifest.xml:49:22-74
uses-permission#android.permission.CLEAR_APP_CACHE
ADDED from DroidPluginTest\DroidPlugin\AndroidManifest.xml:50:5-74
	android:name
		ADDED from DroidPluginTest\DroidPlugin\AndroidManifest.xml:50:22-71
uses-permission#android.permission.DISABLE_KEYGUARD
ADDED from DroidPluginTest\DroidPlugin\AndroidManifest.xml:51:5-75
	android:name
		ADDED from DroidPluginTest\DroidPlugin\AndroidManifest.xml:51:22-72
uses-permission#android.permission.DOWNLOAD_WITHOUT_NOTIFICATION
ADDED from DroidPluginTest\DroidPlugin\AndroidManifest.xml:52:5-88
	android:name
		ADDED from DroidPluginTest\DroidPlugin\AndroidManifest.xml:52:22-85
uses-permission#android.permission.EXPAND_STATUS_BAR
ADDED from DroidPluginTest\DroidPlugin\AndroidManifest.xml:53:5-76
	android:name
		ADDED from DroidPluginTest\DroidPlugin\AndroidManifest.xml:53:22-73
uses-permission#android.permission.FLASHLIGHT
ADDED from DroidPluginTest\DroidPlugin\AndroidManifest.xml:54:5-69
	android:name
		ADDED from DroidPluginTest\DroidPlugin\AndroidManifest.xml:54:22-66
uses-permission#android.permission.GET_ACCOUNTS
ADDED from DroidPluginTest\DroidPlugin\AndroidManifest.xml:55:5-71
	android:name
		ADDED from DroidPluginTest\DroidPlugin\AndroidManifest.xml:55:22-68
uses-permission#android.permission.GET_PACKAGE_SIZE
ADDED from DroidPluginTest\DroidPlugin\AndroidManifest.xml:56:5-75
	android:name
		ADDED from DroidPluginTest\DroidPlugin\AndroidManifest.xml:56:22-72
uses-permission#android.permission.GET_TASKS
ADDED from DroidPluginTest\DroidPlugin\AndroidManifest.xml:57:5-68
	android:name
		ADDED from DroidPluginTest\DroidPlugin\AndroidManifest.xml:57:22-65
uses-permission#android.permission.INTERNET
ADDED from DroidPluginTest\DroidPlugin\AndroidManifest.xml:58:5-67
	android:name
		ADDED from DroidPluginTest\DroidPlugin\AndroidManifest.xml:58:22-64
uses-permission#android.permission.KILL_BACKGROUND_PROCESSES
ADDED from DroidPluginTest\DroidPlugin\AndroidManifest.xml:59:5-84
	android:name
		ADDED from DroidPluginTest\DroidPlugin\AndroidManifest.xml:59:22-81
uses-permission#android.permission.MANAGE_ACCOUNTS
ADDED from DroidPluginTest\DroidPlugin\AndroidManifest.xml:60:5-74
	android:name
		ADDED from DroidPluginTest\DroidPlugin\AndroidManifest.xml:60:22-71
uses-permission#android.permission.MODIFY_AUDIO_SETTINGS
ADDED from DroidPluginTest\DroidPlugin\AndroidManifest.xml:61:5-80
	android:name
		ADDED from DroidPluginTest\DroidPlugin\AndroidManifest.xml:61:22-77
uses-permission#android.permission.NFC
ADDED from DroidPluginTest\DroidPlugin\AndroidManifest.xml:62:5-62
	android:name
		ADDED from DroidPluginTest\DroidPlugin\AndroidManifest.xml:62:22-59
uses-permission#android.permission.PERSISTENT_ACTIVITY
ADDED from DroidPluginTest\DroidPlugin\AndroidManifest.xml:63:5-78
	android:name
		ADDED from DroidPluginTest\DroidPlugin\AndroidManifest.xml:63:22-75
uses-permission#android.permission.PROCESS_OUTGOING_CALLS
ADDED from DroidPluginTest\DroidPlugin\AndroidManifest.xml:64:5-81
	android:name
		ADDED from DroidPluginTest\DroidPlugin\AndroidManifest.xml:64:22-78
uses-permission#android.permission.READ_CALENDAR
ADDED from DroidPluginTest\DroidPlugin\AndroidManifest.xml:65:5-72
	android:name
		ADDED from DroidPluginTest\DroidPlugin\AndroidManifest.xml:65:22-69
uses-permission#android.permission.READ_CALL_LOG
ADDED from DroidPluginTest\DroidPlugin\AndroidManifest.xml:66:5-72
	android:name
		ADDED from DroidPluginTest\DroidPlugin\AndroidManifest.xml:66:22-69
uses-permission#android.permission.READ_CELL_BROADCASTS
ADDED from DroidPluginTest\DroidPlugin\AndroidManifest.xml:67:5-79
	android:name
		ADDED from DroidPluginTest\DroidPlugin\AndroidManifest.xml:67:22-76
uses-permission#android.permission.READ_CONTACTS
ADDED from DroidPluginTest\DroidPlugin\AndroidManifest.xml:68:5-72
	android:name
		ADDED from DroidPluginTest\DroidPlugin\AndroidManifest.xml:68:22-69
uses-permission#android.permission.READ_EXTERNAL_STORAGE
ADDED from DroidPluginTest\DroidPlugin\AndroidManifest.xml:69:5-80
	android:name
		ADDED from DroidPluginTest\DroidPlugin\AndroidManifest.xml:69:22-77
uses-permission#android.permission.READ_INSTALL_SESSIONS
ADDED from DroidPluginTest\DroidPlugin\AndroidManifest.xml:70:5-80
	android:name
		ADDED from DroidPluginTest\DroidPlugin\AndroidManifest.xml:70:22-77
uses-permission#android.permission.READ_PHONE_STATE
ADDED from DroidPluginTest\DroidPlugin\AndroidManifest.xml:71:5-75
	android:name
		ADDED from DroidPluginTest\DroidPlugin\AndroidManifest.xml:71:22-72
uses-permission#android.permission.READ_PROFILE
ADDED from DroidPluginTest\DroidPlugin\AndroidManifest.xml:72:5-71
	android:name
		ADDED from DroidPluginTest\DroidPlugin\AndroidManifest.xml:72:22-68
uses-permission#android.permission.READ_SMS
ADDED from DroidPluginTest\DroidPlugin\AndroidManifest.xml:73:5-67
	android:name
		ADDED from DroidPluginTest\DroidPlugin\AndroidManifest.xml:73:22-64
uses-permission#android.permission.READ_SOCIAL_STREAM
ADDED from DroidPluginTest\DroidPlugin\AndroidManifest.xml:74:5-77
	android:name
		ADDED from DroidPluginTest\DroidPlugin\AndroidManifest.xml:74:22-74
uses-permission#android.permission.READ_SYNC_SETTINGS
ADDED from DroidPluginTest\DroidPlugin\AndroidManifest.xml:75:5-77
	android:name
		ADDED from DroidPluginTest\DroidPlugin\AndroidManifest.xml:75:22-74
uses-permission#android.permission.READ_SYNC_STATS
ADDED from DroidPluginTest\DroidPlugin\AndroidManifest.xml:76:5-74
	android:name
		ADDED from DroidPluginTest\DroidPlugin\AndroidManifest.xml:76:22-71
uses-permission#android.permission.READ_USER_DICTIONARY
ADDED from DroidPluginTest\DroidPlugin\AndroidManifest.xml:77:5-79
	android:name
		ADDED from DroidPluginTest\DroidPlugin\AndroidManifest.xml:77:22-76
uses-permission#android.permission.RECEIVE_BOOT_COMPLETED
ADDED from DroidPluginTest\DroidPlugin\AndroidManifest.xml:78:5-81
	android:name
		ADDED from DroidPluginTest\DroidPlugin\AndroidManifest.xml:78:22-78
uses-permission#android.permission.RECEIVE_MMS
ADDED from DroidPluginTest\DroidPlugin\AndroidManifest.xml:79:5-70
	android:name
		ADDED from DroidPluginTest\DroidPlugin\AndroidManifest.xml:79:22-67
uses-permission#android.permission.RECEIVE_SMS
ADDED from DroidPluginTest\DroidPlugin\AndroidManifest.xml:80:5-70
	android:name
		ADDED from DroidPluginTest\DroidPlugin\AndroidManifest.xml:80:22-67
uses-permission#android.permission.RECEIVE_WAP_PUSH
ADDED from DroidPluginTest\DroidPlugin\AndroidManifest.xml:81:5-75
	android:name
		ADDED from DroidPluginTest\DroidPlugin\AndroidManifest.xml:81:22-72
uses-permission#android.permission.RECORD_AUDIO
ADDED from DroidPluginTest\DroidPlugin\AndroidManifest.xml:82:5-71
	android:name
		ADDED from DroidPluginTest\DroidPlugin\AndroidManifest.xml:82:22-68
uses-permission#android.permission.REORDER_TASKS
ADDED from DroidPluginTest\DroidPlugin\AndroidManifest.xml:83:5-72
	android:name
		ADDED from DroidPluginTest\DroidPlugin\AndroidManifest.xml:83:22-69
uses-permission#android.permission.RESTART_PACKAGES
ADDED from DroidPluginTest\DroidPlugin\AndroidManifest.xml:84:5-75
	android:name
		ADDED from DroidPluginTest\DroidPlugin\AndroidManifest.xml:84:22-72
uses-permission#android.permission.SEND_SMS
ADDED from DroidPluginTest\DroidPlugin\AndroidManifest.xml:85:5-67
	android:name
		ADDED from DroidPluginTest\DroidPlugin\AndroidManifest.xml:85:22-64
uses-permission#android.permission.SET_TIME_ZONE
ADDED from DroidPluginTest\DroidPlugin\AndroidManifest.xml:86:5-72
	android:name
		ADDED from DroidPluginTest\DroidPlugin\AndroidManifest.xml:86:22-69
uses-permission#android.permission.SET_WALLPAPER
ADDED from DroidPluginTest\DroidPlugin\AndroidManifest.xml:87:5-72
	android:name
		ADDED from DroidPluginTest\DroidPlugin\AndroidManifest.xml:87:22-69
uses-permission#android.permission.SET_WALLPAPER_HINTS
ADDED from DroidPluginTest\DroidPlugin\AndroidManifest.xml:88:5-78
	android:name
		ADDED from DroidPluginTest\DroidPlugin\AndroidManifest.xml:88:22-75
uses-permission#android.permission.SUBSCRIBED_FEEDS_READ
ADDED from DroidPluginTest\DroidPlugin\AndroidManifest.xml:89:5-80
	android:name
		ADDED from DroidPluginTest\DroidPlugin\AndroidManifest.xml:89:22-77
uses-permission#android.permission.SUBSCRIBED_FEEDS_WRITE
ADDED from DroidPluginTest\DroidPlugin\AndroidManifest.xml:90:5-81
	android:name
		ADDED from DroidPluginTest\DroidPlugin\AndroidManifest.xml:90:22-78
uses-permission#android.permission.SYSTEM_ALERT_WINDOW
ADDED from DroidPluginTest\DroidPlugin\AndroidManifest.xml:91:5-78
	android:name
		ADDED from DroidPluginTest\DroidPlugin\AndroidManifest.xml:91:22-75
uses-permission#android.permission.TRANSMIT_IR
ADDED from DroidPluginTest\DroidPlugin\AndroidManifest.xml:92:5-70
	android:name
		ADDED from DroidPluginTest\DroidPlugin\AndroidManifest.xml:92:22-67
uses-permission#android.permission.USE_CREDENTIALS
ADDED from DroidPluginTest\DroidPlugin\AndroidManifest.xml:93:5-74
	android:name
		ADDED from DroidPluginTest\DroidPlugin\AndroidManifest.xml:93:22-71
uses-permission#android.permission.USE_SIP
ADDED from DroidPluginTest\DroidPlugin\AndroidManifest.xml:94:5-66
	android:name
		ADDED from DroidPluginTest\DroidPlugin\AndroidManifest.xml:94:22-63
uses-permission#android.permission.VIBRATE
ADDED from DroidPluginTest\DroidPlugin\AndroidManifest.xml:95:5-66
	android:name
		ADDED from DroidPluginTest\DroidPlugin\AndroidManifest.xml:95:22-63
uses-permission#android.permission.WAKE_LOCK
ADDED from DroidPluginTest\DroidPlugin\AndroidManifest.xml:96:5-68
	android:name
		ADDED from DroidPluginTest\DroidPlugin\AndroidManifest.xml:96:22-65
uses-permission#android.permission.WRITE_CALENDAR
ADDED from DroidPluginTest\DroidPlugin\AndroidManifest.xml:97:5-73
	android:name
		ADDED from DroidPluginTest\DroidPlugin\AndroidManifest.xml:97:22-70
uses-permission#android.permission.WRITE_CALL_LOG
ADDED from DroidPluginTest\DroidPlugin\AndroidManifest.xml:98:5-73
	android:name
		ADDED from DroidPluginTest\DroidPlugin\AndroidManifest.xml:98:22-70
uses-permission#android.permission.WRITE_CONTACTS
ADDED from DroidPluginTest\DroidPlugin\AndroidManifest.xml:99:5-73
	android:name
		ADDED from DroidPluginTest\DroidPlugin\AndroidManifest.xml:99:22-70
uses-permission#android.permission.WRITE_EXTERNAL_STORAGE
ADDED from DroidPluginTest\DroidPlugin\AndroidManifest.xml:100:5-81
	android:name
		ADDED from DroidPluginTest\DroidPlugin\AndroidManifest.xml:100:22-78
uses-permission#android.permission.WRITE_PROFILE
ADDED from DroidPluginTest\DroidPlugin\AndroidManifest.xml:101:5-72
	android:name
		ADDED from DroidPluginTest\DroidPlugin\AndroidManifest.xml:101:22-69
uses-permission#android.permission.WRITE_SETTINGS
ADDED from DroidPluginTest\DroidPlugin\AndroidManifest.xml:102:5-73
	android:name
		ADDED from DroidPluginTest\DroidPlugin\AndroidManifest.xml:102:22-70
uses-permission#android.permission.WRITE_SMS
ADDED from DroidPluginTest\DroidPlugin\AndroidManifest.xml:103:5-68
	android:name
		ADDED from DroidPluginTest\DroidPlugin\AndroidManifest.xml:103:22-65
uses-permission#android.permission.WRITE_SOCIAL_STREAM
ADDED from DroidPluginTest\DroidPlugin\AndroidManifest.xml:104:5-78
	android:name
		ADDED from DroidPluginTest\DroidPlugin\AndroidManifest.xml:104:22-75
uses-permission#android.permission.WRITE_SYNC_SETTINGS
ADDED from DroidPluginTest\DroidPlugin\AndroidManifest.xml:105:5-78
	android:name
		ADDED from DroidPluginTest\DroidPlugin\AndroidManifest.xml:105:22-75
uses-permission#android.permission.WRITE_USER_DICTIONARY
ADDED from DroidPluginTest\DroidPlugin\AndroidManifest.xml:106:5-80
	android:name
		ADDED from DroidPluginTest\DroidPlugin\AndroidManifest.xml:106:22-77
uses-permission#com.android.alarm.permission.SET_ALARM
ADDED from DroidPluginTest\DroidPlugin\AndroidManifest.xml:107:5-78
	android:name
		ADDED from DroidPluginTest\DroidPlugin\AndroidManifest.xml:107:22-75
uses-permission#com.android.browser.permission.READ_HISTORY_BOOKMARKS
ADDED from DroidPluginTest\DroidPlugin\AndroidManifest.xml:108:5-93
	android:name
		ADDED from DroidPluginTest\DroidPlugin\AndroidManifest.xml:108:22-90
uses-permission#com.android.browser.permission.WRITE_HISTORY_BOOKMARKS
ADDED from DroidPluginTest\DroidPlugin\AndroidManifest.xml:109:5-94
	android:name
		ADDED from DroidPluginTest\DroidPlugin\AndroidManifest.xml:109:22-91
uses-permission#com.android.launcher.permission.INSTALL_SHORTCUT
ADDED from DroidPluginTest\DroidPlugin\AndroidManifest.xml:110:5-88
	android:name
		ADDED from DroidPluginTest\DroidPlugin\AndroidManifest.xml:110:22-85
uses-permission#com.android.launcher.permission.UNINSTALL_SHORTCUT
ADDED from DroidPluginTest\DroidPlugin\AndroidManifest.xml:111:5-90
	android:name
		ADDED from DroidPluginTest\DroidPlugin\AndroidManifest.xml:111:22-87
uses-permission#com.android.vending.BILLING
ADDED from DroidPluginTest\DroidPlugin\AndroidManifest.xml:112:5-67
	android:name
		ADDED from DroidPluginTest\DroidPlugin\AndroidManifest.xml:112:22-64
uses-permission#com.android.vending.CHECK_LICENSE
ADDED from DroidPluginTest\DroidPlugin\AndroidManifest.xml:113:5-73
	android:name
		ADDED from DroidPluginTest\DroidPlugin\AndroidManifest.xml:113:22-70
uses-permission#com.android.voicemail.permission.ADD_VOICEMAIL
ADDED from DroidPluginTest\DroidPlugin\AndroidManifest.xml:114:5-86
	android:name
		ADDED from DroidPluginTest\DroidPlugin\AndroidManifest.xml:114:22-83
uses-permission#com.google.android.c2dm.permission.RECEIVE
ADDED from DroidPluginTest\DroidPlugin\AndroidManifest.xml:115:5-82
	android:name
		ADDED from DroidPluginTest\DroidPlugin\AndroidManifest.xml:115:22-79
uses-permission#com.google.android.gms.permission.ACTIVITY_RECOGNITION
ADDED from DroidPluginTest\DroidPlugin\AndroidManifest.xml:116:5-94
	android:name
		ADDED from DroidPluginTest\DroidPlugin\AndroidManifest.xml:116:22-91
uses-permission#com.google.android.gms.permission.AD_ID_NOTIFICATION
ADDED from DroidPluginTest\DroidPlugin\AndroidManifest.xml:117:5-92
	android:name
		ADDED from DroidPluginTest\DroidPlugin\AndroidManifest.xml:117:22-89
uses-permission#com.google.android.googleapps.permission.GOOGLE_AUTH
ADDED from DroidPluginTest\DroidPlugin\AndroidManifest.xml:118:5-92
	android:name
		ADDED from DroidPluginTest\DroidPlugin\AndroidManifest.xml:118:22-89
uses-permission#com.google.android.googleapps.permission.GOOGLE_AUTH.OTHER_SERVICES
ADDED from DroidPluginTest\DroidPlugin\AndroidManifest.xml:119:5-107
	android:name
		ADDED from DroidPluginTest\DroidPlugin\AndroidManifest.xml:119:22-104
uses-permission#com.google.android.googleapps.permission.GOOGLE_AUTH.YouTubeUser
ADDED from DroidPluginTest\DroidPlugin\AndroidManifest.xml:120:5-104
	android:name
		ADDED from DroidPluginTest\DroidPlugin\AndroidManifest.xml:120:22-101
uses-permission#com.google.android.googleapps.permission.GOOGLE_AUTH.adsense
ADDED from DroidPluginTest\DroidPlugin\AndroidManifest.xml:121:5-100
	android:name
		ADDED from DroidPluginTest\DroidPlugin\AndroidManifest.xml:121:22-97
uses-permission#com.google.android.googleapps.permission.GOOGLE_AUTH.adwords
ADDED from DroidPluginTest\DroidPlugin\AndroidManifest.xml:122:5-100
	android:name
		ADDED from DroidPluginTest\DroidPlugin\AndroidManifest.xml:122:22-97
uses-permission#com.google.android.googleapps.permission.GOOGLE_AUTH.ah
ADDED from DroidPluginTest\DroidPlugin\AndroidManifest.xml:123:5-95
	android:name
		ADDED from DroidPluginTest\DroidPlugin\AndroidManifest.xml:123:22-92
uses-permission#com.google.android.googleapps.permission.GOOGLE_AUTH.android
ADDED from DroidPluginTest\DroidPlugin\AndroidManifest.xml:124:5-100
	android:name
		ADDED from DroidPluginTest\DroidPlugin\AndroidManifest.xml:124:22-97
uses-permission#com.google.android.googleapps.permission.GOOGLE_AUTH.androidsecure
ADDED from DroidPluginTest\DroidPlugin\AndroidManifest.xml:125:5-106
	android:name
		ADDED from DroidPluginTest\DroidPlugin\AndroidManifest.xml:125:22-103
uses-permission#com.google.android.googleapps.permission.GOOGLE_AUTH.blogger
ADDED from DroidPluginTest\DroidPlugin\AndroidManifest.xml:126:5-100
	android:name
		ADDED from DroidPluginTest\DroidPlugin\AndroidManifest.xml:126:22-97
uses-permission#com.google.android.googleapps.permission.GOOGLE_AUTH.cl
ADDED from DroidPluginTest\DroidPlugin\AndroidManifest.xml:127:5-95
	android:name
		ADDED from DroidPluginTest\DroidPlugin\AndroidManifest.xml:127:22-92
uses-permission#com.google.android.googleapps.permission.GOOGLE_AUTH.cp
ADDED from DroidPluginTest\DroidPlugin\AndroidManifest.xml:128:5-95
	android:name
		ADDED from DroidPluginTest\DroidPlugin\AndroidManifest.xml:128:22-92
uses-permission#com.google.android.googleapps.permission.GOOGLE_AUTH.dodgeball
ADDED from DroidPluginTest\DroidPlugin\AndroidManifest.xml:129:5-102
	android:name
		ADDED from DroidPluginTest\DroidPlugin\AndroidManifest.xml:129:22-99
uses-permission#com.google.android.googleapps.permission.GOOGLE_AUTH.finance
ADDED from DroidPluginTest\DroidPlugin\AndroidManifest.xml:130:5-100
	android:name
		ADDED from DroidPluginTest\DroidPlugin\AndroidManifest.xml:130:22-97
uses-permission#com.google.android.googleapps.permission.GOOGLE_AUTH.gbase
ADDED from DroidPluginTest\DroidPlugin\AndroidManifest.xml:131:5-98
	android:name
		ADDED from DroidPluginTest\DroidPlugin\AndroidManifest.xml:131:22-95
uses-permission#com.google.android.googleapps.permission.GOOGLE_AUTH.grandcentral
ADDED from DroidPluginTest\DroidPlugin\AndroidManifest.xml:132:5-105
	android:name
		ADDED from DroidPluginTest\DroidPlugin\AndroidManifest.xml:132:22-102
uses-permission#com.google.android.googleapps.permission.GOOGLE_AUTH.groups2
ADDED from DroidPluginTest\DroidPlugin\AndroidManifest.xml:133:5-100
	android:name
		ADDED from DroidPluginTest\DroidPlugin\AndroidManifest.xml:133:22-97
uses-permission#com.google.android.googleapps.permission.GOOGLE_AUTH.health
ADDED from DroidPluginTest\DroidPlugin\AndroidManifest.xml:134:5-99
	android:name
		ADDED from DroidPluginTest\DroidPlugin\AndroidManifest.xml:134:22-96
uses-permission#com.google.android.googleapps.permission.GOOGLE_AUTH.ig
ADDED from DroidPluginTest\DroidPlugin\AndroidManifest.xml:135:5-95
	android:name
		ADDED from DroidPluginTest\DroidPlugin\AndroidManifest.xml:135:22-92
uses-permission#com.google.android.googleapps.permission.GOOGLE_AUTH.jotspot
ADDED from DroidPluginTest\DroidPlugin\AndroidManifest.xml:136:5-100
	android:name
		ADDED from DroidPluginTest\DroidPlugin\AndroidManifest.xml:136:22-97
uses-permission#com.google.android.googleapps.permission.GOOGLE_AUTH.knol
ADDED from DroidPluginTest\DroidPlugin\AndroidManifest.xml:137:5-97
	android:name
		ADDED from DroidPluginTest\DroidPlugin\AndroidManifest.xml:137:22-94
uses-permission#com.google.android.googleapps.permission.GOOGLE_AUTH.lh2
ADDED from DroidPluginTest\DroidPlugin\AndroidManifest.xml:138:5-96
	android:name
		ADDED from DroidPluginTest\DroidPlugin\AndroidManifest.xml:138:22-93
uses-permission#com.google.android.googleapps.permission.GOOGLE_AUTH.local
ADDED from DroidPluginTest\DroidPlugin\AndroidManifest.xml:139:5-98
	android:name
		ADDED from DroidPluginTest\DroidPlugin\AndroidManifest.xml:139:22-95
uses-permission#com.google.android.googleapps.permission.GOOGLE_AUTH.mail
ADDED from DroidPluginTest\DroidPlugin\AndroidManifest.xml:140:5-97
	android:name
		ADDED from DroidPluginTest\DroidPlugin\AndroidManifest.xml:140:22-94
uses-permission#com.google.android.googleapps.permission.GOOGLE_AUTH.mobile
ADDED from DroidPluginTest\DroidPlugin\AndroidManifest.xml:141:5-99
	android:name
		ADDED from DroidPluginTest\DroidPlugin\AndroidManifest.xml:141:22-96